<?xml version="1.0" encoding="UTF-8"?>
<!-- Generated by org.testng.reporters.JUnitReportReporter -->
<testsuite hostname="DESKTOP-PHREVUJ" failures="0" tests="3" name="unoSquareInterview.unoSquareTest" time="9.955" errors="0" timestamp="2020-04-03T18:38:04 CST" skipped="0">
  <testcase classname="unoSquareInterview.unoSquareTest" name="UnosquareTest1" time="9.951"/>
  <testcase classname="unoSquareInterview.unoSquareTest" name="UnosquareTest3" time="0.001"/>
  <testcase classname="unoSquareInterview.unoSquareTest" name="UnosquareTest2" time="0.003"/>
</testsuite> <!-- unoSquareInterview.unoSquareTest -->
